2024-10-13T22:20:06.658Z thumbsup:warn magick (https://imagemagick.org) is not installed. You will not be able to process HEIC images.
2024-10-13T22:20:06.658Z thumbsup:warn ffmpeg (https://www.ffmpeg.org) is not installed. You will not be able to process videos.
2024-10-13T22:20:06.658Z thumbsup:warn gifsicle (http://www.lcdf.org/gifsicle) is not installed. You will not be able to process animated GIFs.
2024-10-13T22:20:06.658Z thumbsup:warn dcraw (https://www.cybercom.net/~dcoffin/dcraw/) is not installed. You will not be able to process RAW photos.
2024-10-14T21:10:13.690Z thumbsup:warn magick (https://imagemagick.org) is not installed. You will not be able to process HEIC images.
2024-10-14T21:10:13.693Z thumbsup:warn ffmpeg (https://www.ffmpeg.org) is not installed. You will not be able to process videos.
2024-10-14T21:10:13.693Z thumbsup:warn gifsicle (http://www.lcdf.org/gifsicle) is not installed. You will not be able to process animated GIFs.
2024-10-14T21:10:13.693Z thumbsup:warn dcraw (https://www.cybercom.net/~dcoffin/dcraw/) is not installed. You will not be able to process RAW photos.
2024-10-14T21:11:22.099Z thumbsup:warn magick (https://imagemagick.org) is not installed. You will not be able to process HEIC images.
2024-10-14T21:11:22.099Z thumbsup:warn ffmpeg (https://www.ffmpeg.org) is not installed. You will not be able to process videos.
2024-10-14T21:11:22.099Z thumbsup:warn gifsicle (http://www.lcdf.org/gifsicle) is not installed. You will not be able to process animated GIFs.
2024-10-14T21:11:22.099Z thumbsup:warn dcraw (https://www.cybercom.net/~dcoffin/dcraw/) is not installed. You will not be able to process RAW photos.
2024-10-14T21:12:33.566Z thumbsup:warn magick (https://imagemagick.org) is not installed. You will not be able to process HEIC images.
2024-10-14T21:12:33.567Z thumbsup:warn ffmpeg (https://www.ffmpeg.org) is not installed. You will not be able to process videos.
2024-10-14T21:12:33.567Z thumbsup:warn gifsicle (http://www.lcdf.org/gifsicle) is not installed. You will not be able to process animated GIFs.
2024-10-14T21:12:33.567Z thumbsup:warn dcraw (https://www.cybercom.net/~dcoffin/dcraw/) is not installed. You will not be able to process RAW photos.
2024-10-14T21:13:40.147Z thumbsup:warn magick (https://imagemagick.org) is not installed. You will not be able to process HEIC images.
2024-10-14T21:13:40.148Z thumbsup:warn ffmpeg (https://www.ffmpeg.org) is not installed. You will not be able to process videos.
2024-10-14T21:13:40.148Z thumbsup:warn gifsicle (http://www.lcdf.org/gifsicle) is not installed. You will not be able to process animated GIFs.
2024-10-14T21:13:40.148Z thumbsup:warn dcraw (https://www.cybercom.net/~dcoffin/dcraw/) is not installed. You will not be able to process RAW photos.
2024-10-14T21:45:17.068Z thumbsup:warn magick (https://imagemagick.org) is not installed. You will not be able to process HEIC images.
2024-10-14T21:45:17.068Z thumbsup:warn ffmpeg (https://www.ffmpeg.org) is not installed. You will not be able to process videos.
2024-10-14T21:45:17.068Z thumbsup:warn gifsicle (http://www.lcdf.org/gifsicle) is not installed. You will not be able to process animated GIFs.
2024-10-14T21:45:17.068Z thumbsup:warn dcraw (https://www.cybercom.net/~dcoffin/dcraw/) is not installed. You will not be able to process RAW photos.
2024-10-14T21:46:02.936Z thumbsup:warn magick (https://imagemagick.org) is not installed. You will not be able to process HEIC images.
2024-10-14T21:46:02.937Z thumbsup:warn ffmpeg (https://www.ffmpeg.org) is not installed. You will not be able to process videos.
2024-10-14T21:46:02.937Z thumbsup:warn gifsicle (http://www.lcdf.org/gifsicle) is not installed. You will not be able to process animated GIFs.
2024-10-14T21:46:02.937Z thumbsup:warn dcraw (https://www.cybercom.net/~dcoffin/dcraw/) is not installed. You will not be able to process RAW photos.
2024-10-15T08:20:41.356Z thumbsup:warn magick (https://imagemagick.org) is not installed. You will not be able to process HEIC images.
2024-10-15T08:20:41.357Z thumbsup:warn ffmpeg (https://www.ffmpeg.org) is not installed. You will not be able to process videos.
2024-10-15T08:20:41.357Z thumbsup:warn gifsicle (http://www.lcdf.org/gifsicle) is not installed. You will not be able to process animated GIFs.
2024-10-15T08:20:41.357Z thumbsup:warn dcraw (https://www.cybercom.net/~dcoffin/dcraw/) is not installed. You will not be able to process RAW photos.
2024-10-19T22:52:28.922Z thumbsup:warn magick (https://imagemagick.org) is not installed. You will not be able to process HEIC images.
2024-10-19T22:52:28.923Z thumbsup:warn ffmpeg (https://www.ffmpeg.org) is not installed. You will not be able to process videos.
2024-10-19T22:52:28.923Z thumbsup:warn gifsicle (http://www.lcdf.org/gifsicle) is not installed. You will not be able to process animated GIFs.
2024-10-19T22:52:28.923Z thumbsup:warn dcraw (https://www.cybercom.net/~dcoffin/dcraw/) is not installed. You will not be able to process RAW photos.
2024-10-19T23:02:33.672Z thumbsup:warn magick (https://imagemagick.org) is not installed. You will not be able to process HEIC images.
2024-10-19T23:02:33.673Z thumbsup:warn ffmpeg (https://www.ffmpeg.org) is not installed. You will not be able to process videos.
2024-10-19T23:02:33.673Z thumbsup:warn gifsicle (http://www.lcdf.org/gifsicle) is not installed. You will not be able to process animated GIFs.
2024-10-19T23:02:33.673Z thumbsup:warn dcraw (https://www.cybercom.net/~dcoffin/dcraw/) is not installed. You will not be able to process RAW photos.
2024-10-19T23:09:20.886Z thumbsup:warn magick (https://imagemagick.org) is not installed. You will not be able to process HEIC images.
2024-10-19T23:09:20.887Z thumbsup:warn ffmpeg (https://www.ffmpeg.org) is not installed. You will not be able to process videos.
2024-10-19T23:09:20.887Z thumbsup:warn gifsicle (http://www.lcdf.org/gifsicle) is not installed. You will not be able to process animated GIFs.
2024-10-19T23:09:20.887Z thumbsup:warn dcraw (https://www.cybercom.net/~dcoffin/dcraw/) is not installed. You will not be able to process RAW photos.
2024-10-19T23:09:49.494Z thumbsup:warn magick (https://imagemagick.org) is not installed. You will not be able to process HEIC images.
2024-10-19T23:09:49.494Z thumbsup:warn ffmpeg (https://www.ffmpeg.org) is not installed. You will not be able to process videos.
2024-10-19T23:09:49.494Z thumbsup:warn gifsicle (http://www.lcdf.org/gifsicle) is not installed. You will not be able to process animated GIFs.
2024-10-19T23:09:49.494Z thumbsup:warn dcraw (https://www.cybercom.net/~dcoffin/dcraw/) is not installed. You will not be able to process RAW photos.
2024-10-19T23:09:59.219Z thumbsup:warn magick (https://imagemagick.org) is not installed. You will not be able to process HEIC images.
2024-10-19T23:09:59.219Z thumbsup:warn ffmpeg (https://www.ffmpeg.org) is not installed. You will not be able to process videos.
2024-10-19T23:09:59.219Z thumbsup:warn gifsicle (http://www.lcdf.org/gifsicle) is not installed. You will not be able to process animated GIFs.
2024-10-19T23:09:59.219Z thumbsup:warn dcraw (https://www.cybercom.net/~dcoffin/dcraw/) is not installed. You will not be able to process RAW photos.
2024-10-19T23:14:12.823Z thumbsup:warn magick (https://imagemagick.org) is not installed. You will not be able to process HEIC images.
2024-10-19T23:14:12.823Z thumbsup:warn ffmpeg (https://www.ffmpeg.org) is not installed. You will not be able to process videos.
2024-10-19T23:14:12.824Z thumbsup:warn gifsicle (http://www.lcdf.org/gifsicle) is not installed. You will not be able to process animated GIFs.
2024-10-19T23:14:12.824Z thumbsup:warn dcraw (https://www.cybercom.net/~dcoffin/dcraw/) is not installed. You will not be able to process RAW photos.
2024-10-19T23:18:28.477Z thumbsup:warn magick (https://imagemagick.org) is not installed. You will not be able to process HEIC images.
2024-10-19T23:18:28.478Z thumbsup:warn ffmpeg (https://www.ffmpeg.org) is not installed. You will not be able to process videos.
2024-10-19T23:18:28.478Z thumbsup:warn gifsicle (http://www.lcdf.org/gifsicle) is not installed. You will not be able to process animated GIFs.
2024-10-19T23:18:28.478Z thumbsup:warn dcraw (https://www.cybercom.net/~dcoffin/dcraw/) is not installed. You will not be able to process RAW photos.
2024-10-19T23:18:28.579Z thumbsup:error '.' wasn't found. Tried - .,/Users/fengli/.nvm/versions/node/v20.18.0/lib/node_modules/thumbsup/node_modules/@thumbsup/theme-cards/theme.less,.
2024-10-19T23:18:37.008Z thumbsup:warn magick (https://imagemagick.org) is not installed. You will not be able to process HEIC images.
2024-10-19T23:18:37.008Z thumbsup:warn ffmpeg (https://www.ffmpeg.org) is not installed. You will not be able to process videos.
2024-10-19T23:18:37.009Z thumbsup:warn gifsicle (http://www.lcdf.org/gifsicle) is not installed. You will not be able to process animated GIFs.
2024-10-19T23:18:37.009Z thumbsup:warn dcraw (https://www.cybercom.net/~dcoffin/dcraw/) is not installed. You will not be able to process RAW photos.
2024-10-19T23:18:37.090Z thumbsup:error '.' wasn't found. Tried - .,/Users/fengli/.nvm/versions/node/v20.18.0/lib/node_modules/thumbsup/node_modules/@thumbsup/theme-cards/theme.less,.
2024-10-19T23:19:02.984Z thumbsup:warn magick (https://imagemagick.org) is not installed. You will not be able to process HEIC images.
2024-10-19T23:19:02.984Z thumbsup:warn ffmpeg (https://www.ffmpeg.org) is not installed. You will not be able to process videos.
2024-10-19T23:19:02.984Z thumbsup:warn gifsicle (http://www.lcdf.org/gifsicle) is not installed. You will not be able to process animated GIFs.
2024-10-19T23:19:02.984Z thumbsup:warn dcraw (https://www.cybercom.net/~dcoffin/dcraw/) is not installed. You will not be able to process RAW photos.
2024-10-19T23:20:43.456Z thumbsup:warn magick (https://imagemagick.org) is not installed. You will not be able to process HEIC images.
2024-10-19T23:20:43.457Z thumbsup:warn ffmpeg (https://www.ffmpeg.org) is not installed. You will not be able to process videos.
2024-10-19T23:20:43.457Z thumbsup:warn gifsicle (http://www.lcdf.org/gifsicle) is not installed. You will not be able to process animated GIFs.
2024-10-19T23:20:43.457Z thumbsup:warn dcraw (https://www.cybercom.net/~dcoffin/dcraw/) is not installed. You will not be able to process RAW photos.
2024-10-19T23:21:12.241Z thumbsup:warn magick (https://imagemagick.org) is not installed. You will not be able to process HEIC images.
2024-10-19T23:21:12.242Z thumbsup:warn ffmpeg (https://www.ffmpeg.org) is not installed. You will not be able to process videos.
2024-10-19T23:21:12.242Z thumbsup:warn gifsicle (http://www.lcdf.org/gifsicle) is not installed. You will not be able to process animated GIFs.
2024-10-19T23:21:12.242Z thumbsup:warn dcraw (https://www.cybercom.net/~dcoffin/dcraw/) is not installed. You will not be able to process RAW photos.
2024-10-19T23:21:44.604Z thumbsup:warn magick (https://imagemagick.org) is not installed. You will not be able to process HEIC images.
2024-10-19T23:21:44.605Z thumbsup:warn ffmpeg (https://www.ffmpeg.org) is not installed. You will not be able to process videos.
2024-10-19T23:21:44.605Z thumbsup:warn gifsicle (http://www.lcdf.org/gifsicle) is not installed. You will not be able to process animated GIFs.
2024-10-19T23:21:44.605Z thumbsup:warn dcraw (https://www.cybercom.net/~dcoffin/dcraw/) is not installed. You will not be able to process RAW photos.
2024-10-19T23:22:20.662Z thumbsup:warn magick (https://imagemagick.org) is not installed. You will not be able to process HEIC images.
2024-10-19T23:22:20.662Z thumbsup:warn ffmpeg (https://www.ffmpeg.org) is not installed. You will not be able to process videos.
2024-10-19T23:22:20.662Z thumbsup:warn gifsicle (http://www.lcdf.org/gifsicle) is not installed. You will not be able to process animated GIFs.
2024-10-19T23:22:20.662Z thumbsup:warn dcraw (https://www.cybercom.net/~dcoffin/dcraw/) is not installed. You will not be able to process RAW photos.
2024-10-19T23:22:39.946Z thumbsup:warn magick (https://imagemagick.org) is not installed. You will not be able to process HEIC images.
2024-10-19T23:22:39.946Z thumbsup:warn ffmpeg (https://www.ffmpeg.org) is not installed. You will not be able to process videos.
2024-10-19T23:22:39.946Z thumbsup:warn gifsicle (http://www.lcdf.org/gifsicle) is not installed. You will not be able to process animated GIFs.
2024-10-19T23:22:39.946Z thumbsup:warn dcraw (https://www.cybercom.net/~dcoffin/dcraw/) is not installed. You will not be able to process RAW photos.
2024-10-19T23:23:09.007Z thumbsup:warn magick (https://imagemagick.org) is not installed. You will not be able to process HEIC images.
2024-10-19T23:23:09.008Z thumbsup:warn ffmpeg (https://www.ffmpeg.org) is not installed. You will not be able to process videos.
2024-10-19T23:23:09.008Z thumbsup:warn gifsicle (http://www.lcdf.org/gifsicle) is not installed. You will not be able to process animated GIFs.
2024-10-19T23:23:09.008Z thumbsup:warn dcraw (https://www.cybercom.net/~dcoffin/dcraw/) is not installed. You will not be able to process RAW photos.
2024-10-19T23:23:17.226Z thumbsup:warn magick (https://imagemagick.org) is not installed. You will not be able to process HEIC images.
2024-10-19T23:23:17.226Z thumbsup:warn ffmpeg (https://www.ffmpeg.org) is not installed. You will not be able to process videos.
2024-10-19T23:23:17.226Z thumbsup:warn gifsicle (http://www.lcdf.org/gifsicle) is not installed. You will not be able to process animated GIFs.
2024-10-19T23:23:17.226Z thumbsup:warn dcraw (https://www.cybercom.net/~dcoffin/dcraw/) is not installed. You will not be able to process RAW photos.
2024-10-19T23:23:38.825Z thumbsup:warn magick (https://imagemagick.org) is not installed. You will not be able to process HEIC images.
2024-10-19T23:23:38.825Z thumbsup:warn ffmpeg (https://www.ffmpeg.org) is not installed. You will not be able to process videos.
2024-10-19T23:23:38.825Z thumbsup:warn gifsicle (http://www.lcdf.org/gifsicle) is not installed. You will not be able to process animated GIFs.
2024-10-19T23:23:38.825Z thumbsup:warn dcraw (https://www.cybercom.net/~dcoffin/dcraw/) is not installed. You will not be able to process RAW photos.
2024-10-19T23:23:53.605Z thumbsup:warn magick (https://imagemagick.org) is not installed. You will not be able to process HEIC images.
2024-10-19T23:23:53.606Z thumbsup:warn ffmpeg (https://www.ffmpeg.org) is not installed. You will not be able to process videos.
2024-10-19T23:23:53.606Z thumbsup:warn gifsicle (http://www.lcdf.org/gifsicle) is not installed. You will not be able to process animated GIFs.
2024-10-19T23:23:53.606Z thumbsup:warn dcraw (https://www.cybercom.net/~dcoffin/dcraw/) is not installed. You will not be able to process RAW photos.
2024-10-19T23:24:01.952Z thumbsup:warn magick (https://imagemagick.org) is not installed. You will not be able to process HEIC images.
2024-10-19T23:24:01.953Z thumbsup:warn ffmpeg (https://www.ffmpeg.org) is not installed. You will not be able to process videos.
2024-10-19T23:24:01.953Z thumbsup:warn gifsicle (http://www.lcdf.org/gifsicle) is not installed. You will not be able to process animated GIFs.
2024-10-19T23:24:01.953Z thumbsup:warn dcraw (https://www.cybercom.net/~dcoffin/dcraw/) is not installed. You will not be able to process RAW photos.
2024-10-19T23:24:52.752Z thumbsup:warn magick (https://imagemagick.org) is not installed. You will not be able to process HEIC images.
2024-10-19T23:24:52.753Z thumbsup:warn ffmpeg (https://www.ffmpeg.org) is not installed. You will not be able to process videos.
2024-10-19T23:24:52.753Z thumbsup:warn gifsicle (http://www.lcdf.org/gifsicle) is not installed. You will not be able to process animated GIFs.
2024-10-19T23:24:52.753Z thumbsup:warn dcraw (https://www.cybercom.net/~dcoffin/dcraw/) is not installed. You will not be able to process RAW photos.
2024-10-19T23:24:56.514Z thumbsup:warn magick (https://imagemagick.org) is not installed. You will not be able to process HEIC images.
2024-10-19T23:24:56.515Z thumbsup:warn ffmpeg (https://www.ffmpeg.org) is not installed. You will not be able to process videos.
2024-10-19T23:24:56.515Z thumbsup:warn gifsicle (http://www.lcdf.org/gifsicle) is not installed. You will not be able to process animated GIFs.
2024-10-19T23:24:56.515Z thumbsup:warn dcraw (https://www.cybercom.net/~dcoffin/dcraw/) is not installed. You will not be able to process RAW photos.
2024-10-19T23:25:16.620Z thumbsup:warn magick (https://imagemagick.org) is not installed. You will not be able to process HEIC images.
2024-10-19T23:25:16.621Z thumbsup:warn ffmpeg (https://www.ffmpeg.org) is not installed. You will not be able to process videos.
2024-10-19T23:25:16.621Z thumbsup:warn gifsicle (http://www.lcdf.org/gifsicle) is not installed. You will not be able to process animated GIFs.
2024-10-19T23:25:16.621Z thumbsup:warn dcraw (https://www.cybercom.net/~dcoffin/dcraw/) is not installed. You will not be able to process RAW photos.
2024-10-19T23:25:43.069Z thumbsup:warn magick (https://imagemagick.org) is not installed. You will not be able to process HEIC images.
2024-10-19T23:25:43.069Z thumbsup:warn ffmpeg (https://www.ffmpeg.org) is not installed. You will not be able to process videos.
2024-10-19T23:25:43.069Z thumbsup:warn gifsicle (http://www.lcdf.org/gifsicle) is not installed. You will not be able to process animated GIFs.
2024-10-19T23:25:43.069Z thumbsup:warn dcraw (https://www.cybercom.net/~dcoffin/dcraw/) is not installed. You will not be able to process RAW photos.
2024-10-19T23:25:48.746Z thumbsup:warn magick (https://imagemagick.org) is not installed. You will not be able to process HEIC images.
2024-10-19T23:25:48.746Z thumbsup:warn ffmpeg (https://www.ffmpeg.org) is not installed. You will not be able to process videos.
2024-10-19T23:25:48.746Z thumbsup:warn gifsicle (http://www.lcdf.org/gifsicle) is not installed. You will not be able to process animated GIFs.
2024-10-19T23:25:48.746Z thumbsup:warn dcraw (https://www.cybercom.net/~dcoffin/dcraw/) is not installed. You will not be able to process RAW photos.
2024-10-19T23:26:00.902Z thumbsup:warn magick (https://imagemagick.org) is not installed. You will not be able to process HEIC images.
2024-10-19T23:26:00.903Z thumbsup:warn ffmpeg (https://www.ffmpeg.org) is not installed. You will not be able to process videos.
2024-10-19T23:26:00.903Z thumbsup:warn gifsicle (http://www.lcdf.org/gifsicle) is not installed. You will not be able to process animated GIFs.
2024-10-19T23:26:00.903Z thumbsup:warn dcraw (https://www.cybercom.net/~dcoffin/dcraw/) is not installed. You will not be able to process RAW photos.
2024-10-19T23:29:08.297Z thumbsup:warn magick (https://imagemagick.org) is not installed. You will not be able to process HEIC images.
2024-10-19T23:29:08.298Z thumbsup:warn ffmpeg (https://www.ffmpeg.org) is not installed. You will not be able to process videos.
2024-10-19T23:29:08.298Z thumbsup:warn gifsicle (http://www.lcdf.org/gifsicle) is not installed. You will not be able to process animated GIFs.
2024-10-19T23:29:08.298Z thumbsup:warn dcraw (https://www.cybercom.net/~dcoffin/dcraw/) is not installed. You will not be able to process RAW photos.
2024-10-19T23:29:41.089Z thumbsup:warn magick (https://imagemagick.org) is not installed. You will not be able to process HEIC images.
2024-10-19T23:29:41.090Z thumbsup:warn ffmpeg (https://www.ffmpeg.org) is not installed. You will not be able to process videos.
2024-10-19T23:29:41.090Z thumbsup:warn gifsicle (http://www.lcdf.org/gifsicle) is not installed. You will not be able to process animated GIFs.
2024-10-19T23:29:41.090Z thumbsup:warn dcraw (https://www.cybercom.net/~dcoffin/dcraw/) is not installed. You will not be able to process RAW photos.
2024-10-19T23:30:13.472Z thumbsup:warn magick (https://imagemagick.org) is not installed. You will not be able to process HEIC images.
2024-10-19T23:30:13.472Z thumbsup:warn ffmpeg (https://www.ffmpeg.org) is not installed. You will not be able to process videos.
2024-10-19T23:30:13.472Z thumbsup:warn gifsicle (http://www.lcdf.org/gifsicle) is not installed. You will not be able to process animated GIFs.
2024-10-19T23:30:13.472Z thumbsup:warn dcraw (https://www.cybercom.net/~dcoffin/dcraw/) is not installed. You will not be able to process RAW photos.
2024-10-19T23:31:45.813Z thumbsup:warn magick (https://imagemagick.org) is not installed. You will not be able to process HEIC images.
2024-10-19T23:31:45.813Z thumbsup:warn ffmpeg (https://www.ffmpeg.org) is not installed. You will not be able to process videos.
2024-10-19T23:31:45.813Z thumbsup:warn gifsicle (http://www.lcdf.org/gifsicle) is not installed. You will not be able to process animated GIFs.
2024-10-19T23:31:45.813Z thumbsup:warn dcraw (https://www.cybercom.net/~dcoffin/dcraw/) is not installed. You will not be able to process RAW photos.
2024-10-19T23:32:09.035Z thumbsup:warn magick (https://imagemagick.org) is not installed. You will not be able to process HEIC images.
2024-10-19T23:32:09.035Z thumbsup:warn ffmpeg (https://www.ffmpeg.org) is not installed. You will not be able to process videos.
2024-10-19T23:32:09.035Z thumbsup:warn gifsicle (http://www.lcdf.org/gifsicle) is not installed. You will not be able to process animated GIFs.
2024-10-19T23:32:09.035Z thumbsup:warn dcraw (https://www.cybercom.net/~dcoffin/dcraw/) is not installed. You will not be able to process RAW photos.
2024-10-19T23:32:14.020Z thumbsup:warn magick (https://imagemagick.org) is not installed. You will not be able to process HEIC images.
2024-10-19T23:32:14.021Z thumbsup:warn ffmpeg (https://www.ffmpeg.org) is not installed. You will not be able to process videos.
2024-10-19T23:32:14.021Z thumbsup:warn gifsicle (http://www.lcdf.org/gifsicle) is not installed. You will not be able to process animated GIFs.
2024-10-19T23:32:14.021Z thumbsup:warn dcraw (https://www.cybercom.net/~dcoffin/dcraw/) is not installed. You will not be able to process RAW photos.
2024-10-19T23:32:24.201Z thumbsup:warn magick (https://imagemagick.org) is not installed. You will not be able to process HEIC images.
2024-10-19T23:32:24.202Z thumbsup:warn ffmpeg (https://www.ffmpeg.org) is not installed. You will not be able to process videos.
2024-10-19T23:32:24.202Z thumbsup:warn gifsicle (http://www.lcdf.org/gifsicle) is not installed. You will not be able to process animated GIFs.
2024-10-19T23:32:24.202Z thumbsup:warn dcraw (https://www.cybercom.net/~dcoffin/dcraw/) is not installed. You will not be able to process RAW photos.
2024-10-19T23:33:15.380Z thumbsup:warn magick (https://imagemagick.org) is not installed. You will not be able to process HEIC images.
2024-10-19T23:33:15.380Z thumbsup:warn ffmpeg (https://www.ffmpeg.org) is not installed. You will not be able to process videos.
2024-10-19T23:33:15.380Z thumbsup:warn gifsicle (http://www.lcdf.org/gifsicle) is not installed. You will not be able to process animated GIFs.
2024-10-19T23:33:15.380Z thumbsup:warn dcraw (https://www.cybercom.net/~dcoffin/dcraw/) is not installed. You will not be able to process RAW photos.
2024-10-19T23:33:15.463Z thumbsup:error Unrecognised input
2024-10-19T23:34:11.082Z thumbsup:warn magick (https://imagemagick.org) is not installed. You will not be able to process HEIC images.
2024-10-19T23:34:11.082Z thumbsup:warn ffmpeg (https://www.ffmpeg.org) is not installed. You will not be able to process videos.
2024-10-19T23:34:11.082Z thumbsup:warn gifsicle (http://www.lcdf.org/gifsicle) is not installed. You will not be able to process animated GIFs.
2024-10-19T23:34:11.082Z thumbsup:warn dcraw (https://www.cybercom.net/~dcoffin/dcraw/) is not installed. You will not be able to process RAW photos.
2024-10-19T23:34:44.021Z thumbsup:warn magick (https://imagemagick.org) is not installed. You will not be able to process HEIC images.
2024-10-19T23:34:44.022Z thumbsup:warn ffmpeg (https://www.ffmpeg.org) is not installed. You will not be able to process videos.
2024-10-19T23:34:44.022Z thumbsup:warn gifsicle (http://www.lcdf.org/gifsicle) is not installed. You will not be able to process animated GIFs.
2024-10-19T23:34:44.022Z thumbsup:warn dcraw (https://www.cybercom.net/~dcoffin/dcraw/) is not installed. You will not be able to process RAW photos.
2024-10-19T23:35:04.581Z thumbsup:warn magick (https://imagemagick.org) is not installed. You will not be able to process HEIC images.
2024-10-19T23:35:04.581Z thumbsup:warn ffmpeg (https://www.ffmpeg.org) is not installed. You will not be able to process videos.
2024-10-19T23:35:04.581Z thumbsup:warn gifsicle (http://www.lcdf.org/gifsicle) is not installed. You will not be able to process animated GIFs.
2024-10-19T23:35:04.581Z thumbsup:warn dcraw (https://www.cybercom.net/~dcoffin/dcraw/) is not installed. You will not be able to process RAW photos.
2024-10-19T23:35:35.715Z thumbsup:warn magick (https://imagemagick.org) is not installed. You will not be able to process HEIC images.
2024-10-19T23:35:35.716Z thumbsup:warn ffmpeg (https://www.ffmpeg.org) is not installed. You will not be able to process videos.
2024-10-19T23:35:35.716Z thumbsup:warn gifsicle (http://www.lcdf.org/gifsicle) is not installed. You will not be able to process animated GIFs.
2024-10-19T23:35:35.716Z thumbsup:warn dcraw (https://www.cybercom.net/~dcoffin/dcraw/) is not installed. You will not be able to process RAW photos.
2024-10-19T23:36:17.586Z thumbsup:warn magick (https://imagemagick.org) is not installed. You will not be able to process HEIC images.
2024-10-19T23:36:17.586Z thumbsup:warn ffmpeg (https://www.ffmpeg.org) is not installed. You will not be able to process videos.
2024-10-19T23:36:17.586Z thumbsup:warn gifsicle (http://www.lcdf.org/gifsicle) is not installed. You will not be able to process animated GIFs.
2024-10-19T23:36:17.586Z thumbsup:warn dcraw (https://www.cybercom.net/~dcoffin/dcraw/) is not installed. You will not be able to process RAW photos.
2024-10-19T23:36:38.635Z thumbsup:warn magick (https://imagemagick.org) is not installed. You will not be able to process HEIC images.
2024-10-19T23:36:38.635Z thumbsup:warn ffmpeg (https://www.ffmpeg.org) is not installed. You will not be able to process videos.
2024-10-19T23:36:38.635Z thumbsup:warn gifsicle (http://www.lcdf.org/gifsicle) is not installed. You will not be able to process animated GIFs.
2024-10-19T23:36:38.635Z thumbsup:warn dcraw (https://www.cybercom.net/~dcoffin/dcraw/) is not installed. You will not be able to process RAW photos.
2024-10-19T23:38:55.978Z thumbsup:warn magick (https://imagemagick.org) is not installed. You will not be able to process HEIC images.
2024-10-19T23:38:55.979Z thumbsup:warn ffmpeg (https://www.ffmpeg.org) is not installed. You will not be able to process videos.
2024-10-19T23:38:55.979Z thumbsup:warn gifsicle (http://www.lcdf.org/gifsicle) is not installed. You will not be able to process animated GIFs.
2024-10-19T23:38:55.979Z thumbsup:warn dcraw (https://www.cybercom.net/~dcoffin/dcraw/) is not installed. You will not be able to process RAW photos.
2024-10-19T23:39:22.362Z thumbsup:warn magick (https://imagemagick.org) is not installed. You will not be able to process HEIC images.
2024-10-19T23:39:22.363Z thumbsup:warn ffmpeg (https://www.ffmpeg.org) is not installed. You will not be able to process videos.
2024-10-19T23:39:22.363Z thumbsup:warn gifsicle (http://www.lcdf.org/gifsicle) is not installed. You will not be able to process animated GIFs.
2024-10-19T23:39:22.363Z thumbsup:warn dcraw (https://www.cybercom.net/~dcoffin/dcraw/) is not installed. You will not be able to process RAW photos.
2024-10-19T23:39:41.260Z thumbsup:warn magick (https://imagemagick.org) is not installed. You will not be able to process HEIC images.
2024-10-19T23:39:41.260Z thumbsup:warn ffmpeg (https://www.ffmpeg.org) is not installed. You will not be able to process videos.
2024-10-19T23:39:41.260Z thumbsup:warn gifsicle (http://www.lcdf.org/gifsicle) is not installed. You will not be able to process animated GIFs.
2024-10-19T23:39:41.260Z thumbsup:warn dcraw (https://www.cybercom.net/~dcoffin/dcraw/) is not installed. You will not be able to process RAW photos.
2024-10-19T23:40:14.540Z thumbsup:warn magick (https://imagemagick.org) is not installed. You will not be able to process HEIC images.
2024-10-19T23:40:14.540Z thumbsup:warn ffmpeg (https://www.ffmpeg.org) is not installed. You will not be able to process videos.
2024-10-19T23:40:14.540Z thumbsup:warn gifsicle (http://www.lcdf.org/gifsicle) is not installed. You will not be able to process animated GIFs.
2024-10-19T23:40:14.540Z thumbsup:warn dcraw (https://www.cybercom.net/~dcoffin/dcraw/) is not installed. You will not be able to process RAW photos.
2024-10-19T23:40:56.796Z thumbsup:warn magick (https://imagemagick.org) is not installed. You will not be able to process HEIC images.
2024-10-19T23:40:56.796Z thumbsup:warn ffmpeg (https://www.ffmpeg.org) is not installed. You will not be able to process videos.
2024-10-19T23:40:56.796Z thumbsup:warn gifsicle (http://www.lcdf.org/gifsicle) is not installed. You will not be able to process animated GIFs.
2024-10-19T23:40:56.796Z thumbsup:warn dcraw (https://www.cybercom.net/~dcoffin/dcraw/) is not installed. You will not be able to process RAW photos.
2024-10-19T23:41:25.540Z thumbsup:warn magick (https://imagemagick.org) is not installed. You will not be able to process HEIC images.
2024-10-19T23:41:25.540Z thumbsup:warn ffmpeg (https://www.ffmpeg.org) is not installed. You will not be able to process videos.
2024-10-19T23:41:25.540Z thumbsup:warn gifsicle (http://www.lcdf.org/gifsicle) is not installed. You will not be able to process animated GIFs.
2024-10-19T23:41:25.540Z thumbsup:warn dcraw (https://www.cybercom.net/~dcoffin/dcraw/) is not installed. You will not be able to process RAW photos.
2024-10-19T23:42:03.591Z thumbsup:warn magick (https://imagemagick.org) is not installed. You will not be able to process HEIC images.
2024-10-19T23:42:03.592Z thumbsup:warn ffmpeg (https://www.ffmpeg.org) is not installed. You will not be able to process videos.
2024-10-19T23:42:03.592Z thumbsup:warn gifsicle (http://www.lcdf.org/gifsicle) is not installed. You will not be able to process animated GIFs.
2024-10-19T23:42:03.592Z thumbsup:warn dcraw (https://www.cybercom.net/~dcoffin/dcraw/) is not installed. You will not be able to process RAW photos.
2024-10-19T23:42:20.072Z thumbsup:warn magick (https://imagemagick.org) is not installed. You will not be able to process HEIC images.
2024-10-19T23:42:20.073Z thumbsup:warn ffmpeg (https://www.ffmpeg.org) is not installed. You will not be able to process videos.
2024-10-19T23:42:20.073Z thumbsup:warn gifsicle (http://www.lcdf.org/gifsicle) is not installed. You will not be able to process animated GIFs.
2024-10-19T23:42:20.073Z thumbsup:warn dcraw (https://www.cybercom.net/~dcoffin/dcraw/) is not installed. You will not be able to process RAW photos.
2024-10-19T23:42:33.477Z thumbsup:warn magick (https://imagemagick.org) is not installed. You will not be able to process HEIC images.
2024-10-19T23:42:33.477Z thumbsup:warn ffmpeg (https://www.ffmpeg.org) is not installed. You will not be able to process videos.
2024-10-19T23:42:33.477Z thumbsup:warn gifsicle (http://www.lcdf.org/gifsicle) is not installed. You will not be able to process animated GIFs.
2024-10-19T23:42:33.477Z thumbsup:warn dcraw (https://www.cybercom.net/~dcoffin/dcraw/) is not installed. You will not be able to process RAW photos.
2024-10-19T23:43:06.647Z thumbsup:warn magick (https://imagemagick.org) is not installed. You will not be able to process HEIC images.
2024-10-19T23:43:06.648Z thumbsup:warn ffmpeg (https://www.ffmpeg.org) is not installed. You will not be able to process videos.
2024-10-19T23:43:06.648Z thumbsup:warn gifsicle (http://www.lcdf.org/gifsicle) is not installed. You will not be able to process animated GIFs.
2024-10-19T23:43:06.648Z thumbsup:warn dcraw (https://www.cybercom.net/~dcoffin/dcraw/) is not installed. You will not be able to process RAW photos.
